INFO:root:Reading in /afs/cs.stanford.edu/u/wukevin/projects/heartbreaker/data/CDC_heart_disease_mortality/Heart_Disease_Mortality_Data_Among_US_Adults_35_plus_by_State_Territory_and_County.csv
INFO:root:Reading in /afs/cs.stanford.edu/u/wukevin/projects/heartbreaker/data/USDA_food_environment_atlas/access.csv
INFO:root:Reading in /afs/cs.stanford.edu/u/wukevin/projects/heartbreaker/data/USDA_food_environment_atlas/assistance.csv
INFO:root:Reading in /afs/cs.stanford.edu/u/wukevin/projects/heartbreaker/data/USDA_food_environment_atlas/health.csv
INFO:root:Reading in /afs/cs.stanford.edu/u/wukevin/projects/heartbreaker/data/USDA_food_environment_atlas/insecurity.csv
INFO:root:Reading in /afs/cs.stanford.edu/u/wukevin/projects/heartbreaker/data/USDA_food_environment_atlas/local.csv
INFO:root:Reading in /afs/cs.stanford.edu/u/wukevin/projects/heartbreaker/data/USDA_food_environment_atlas/prices_taxes.csv
INFO:root:Reading in /afs/cs.stanford.edu/u/wukevin/projects/heartbreaker/data/USDA_food_environment_atlas/restaurants.csv
INFO:root:Reading in /afs/cs.stanford.edu/u/wukevin/projects/heartbreaker/data/USDA_food_environment_atlas/socioeconomic.csv
INFO:root:Reading in /afs/cs.stanford.edu/u/wukevin/projects/heartbreaker/data/USDA_food_environment_atlas/stores.csv
INFO:root:Reading in /afs/cs.stanford.edu/u/wukevin/projects/heartbreaker/data/ACS/ACS_14_5YR_DP03_with_ann.csv
INFO:root:Reading in /afs/cs.stanford.edu/u/wukevin/projects/heartbreaker/data/CMS_public_use_file/State_County_2014_Table.csv
/cluster/u/wukevin/conda/envs/heartbreaker/lib/python3.6/site-packages/pandas/core/indexing.py:543: SettingWithCopyWarning: 
A value is trying to be set on a copy of a slice from a DataFrame.
Try using .loc[row_indexer,col_indexer] = value instead

See the caveats in the documentation: http://pandas.pydata.org/pandas-docs/stable/indexing.html#indexing-view-versus-copy
  self.obj[item] = s
INFO:root:Appending income-normalized healthcare costs feature with min median max: 0.1337 0.4194 1.5735
INFO:root:Skip extreme value truncation for column SNAP simplified reporting, 2009*
INFO:root:Skip extreme value truncation for column FDPIR Sites, 2012
INFO:root:Skip extreme value truncation for column Small slaughterhouse facilities (% change), 2007 - 12
INFO:root:Skip extreme value truncation for column Greenhouse veg and fresh herb sq feet, 2007
INFO:root:Skip extreme value truncation for column Greenhouse veg and fresh herb sq feet/1,000 pop, 2007
INFO:root:Skip extreme value truncation for column Farm to school program, 2009
INFO:root:Skip extreme value truncation for column Persistent-poverty counties, 2010
INFO:root:Skip extreme value truncation for column Persistent-child-poverty counties, 2010
INFO:root:Skip extreme value truncation for column Population-loss counties, 2010
INFO:root:Skip extreme value truncation for column Supercenters & club stores (% change), 2009-14
INFO:root:75 percentile correspond to a value of 409.8
INFO:root:Categorized 750 of 2997 values as high
INFO:root:XGBoost weight ratio: 2.9956
INFO:root:XGBClassifier
INFO:root:Best F1 Score
INFO:root:0.7285117116058757
INFO:root:Best Parameters
INFO:root:{'estimator__booster': 'gbtree', 'estimator__learning_rate': 0.1, 'estimator__max_depth': 6, 'estimator__min_child_weight': 1, 'estimator__n_estimators': 150, 'estimator__reg_alpha': 10}
