INFO:root:Reading in /afs/cs.stanford.edu/u/wukevin/projects/heartbreaker/data/CDC_heart_disease_mortality/Heart_Disease_Mortality_Data_Among_US_Adults_35_plus_by_State_Territory_and_County.csv
INFO:root:Reading in /afs/cs.stanford.edu/u/wukevin/projects/heartbreaker/data/USDA_food_environment_atlas/access.csv
INFO:root:Reading in /afs/cs.stanford.edu/u/wukevin/projects/heartbreaker/data/USDA_food_environment_atlas/assistance.csv
INFO:root:Reading in /afs/cs.stanford.edu/u/wukevin/projects/heartbreaker/data/USDA_food_environment_atlas/health.csv
INFO:root:Reading in /afs/cs.stanford.edu/u/wukevin/projects/heartbreaker/data/USDA_food_environment_atlas/insecurity.csv
INFO:root:Reading in /afs/cs.stanford.edu/u/wukevin/projects/heartbreaker/data/USDA_food_environment_atlas/local.csv
INFO:root:Reading in /afs/cs.stanford.edu/u/wukevin/projects/heartbreaker/data/USDA_food_environment_atlas/prices_taxes.csv
INFO:root:Reading in /afs/cs.stanford.edu/u/wukevin/projects/heartbreaker/data/USDA_food_environment_atlas/restaurants.csv
INFO:root:Reading in /afs/cs.stanford.edu/u/wukevin/projects/heartbreaker/data/USDA_food_environment_atlas/socioeconomic.csv
INFO:root:Reading in /afs/cs.stanford.edu/u/wukevin/projects/heartbreaker/data/USDA_food_environment_atlas/stores.csv
INFO:root:Reading in /afs/cs.stanford.edu/u/wukevin/projects/heartbreaker/data/ACS/ACS_14_5YR_DP03_with_ann.csv
INFO:root:Reading in /afs/cs.stanford.edu/u/wukevin/projects/heartbreaker/data/CMS_public_use_file/State_County_2014_Table.csv
/cluster/u/wukevin/conda/envs/heartbreaker/lib/python3.6/site-packages/pandas/core/indexing.py:543: SettingWithCopyWarning: 
A value is trying to be set on a copy of a slice from a DataFrame.
Try using .loc[row_indexer,col_indexer] = value instead

See the caveats in the documentation: http://pandas.pydata.org/pandas-docs/stable/indexing.html#indexing-view-versus-copy
  self.obj[item] = s
INFO:root:Appending income-normalized healthcare costs feature with min median max: 0.1337 0.4194 1.5735
INFO:root:Skip extreme value truncation for column SNAP_REPORTSIMPLE09
INFO:root:Skip extreme value truncation for column FDPIR12
INFO:root:Skip extreme value truncation for column PCH_SLHOUSE_07_12
INFO:root:Skip extreme value truncation for column GHVEG_SQFT07
INFO:root:Skip extreme value truncation for column GHVEG_SQFTPTH07
INFO:root:Skip extreme value truncation for column FARM_TO_SCHOOL09
INFO:root:Skip extreme value truncation for column PERPOV10
INFO:root:Skip extreme value truncation for column PERCHLDPOV10
INFO:root:Skip extreme value truncation for column POPLOSS10
INFO:root:Skip extreme value truncation for column PCH_SUPERC_09_14
INFO:root:75 percentile correspond to a value of 409.8
INFO:root:Categorized 750 of 2997 values as high
INFO:root:DecisionTreeClassifier
INFO:root:Best F1 Score
INFO:root:0.6793272354984007
INFO:root:Best Parameters
INFO:root:{'estimator__criterion': 'gini', 'estimator__max_depth': None, 'estimator__max_features': None, 'estimator__min_samples_leaf': 0.01}
INFO:root:RandomForestClassifier
INFO:root:Best F1 Score
INFO:root:0.7220823072366628
INFO:root:Best Parameters
INFO:root:{'estimator__criterion': 'entropy', 'estimator__max_depth': None, 'estimator__max_features': None, 'estimator__min_samples_leaf': 0.01, 'estimator__n_estimators': 1000}
/cluster/u/wukevin/conda/envs/heartbreaker/lib/python3.6/site-packages/sklearn/model_selection/_search.py:841: DeprecationWarning: The default of the `iid` parameter will change from True to False in version 0.22 and will be removed in 0.24. This will change numeric results when test-set sizes are unequal.
  DeprecationWarning)
INFO:root:SVC
INFO:root:Best F1 Score
INFO:root:0.7297909026166995
INFO:root:Best Parameters
INFO:root:{'estimator__C': 1}
/cluster/u/wukevin/conda/envs/heartbreaker/lib/python3.6/site-packages/sklearn/metrics/classification.py:1143: UndefinedMetricWarning: F-score is ill-defined and being set to 0.0 due to no predicted samples.
  'precision', 'predicted', average, warn_for)
/cluster/u/wukevin/conda/envs/heartbreaker/lib/python3.6/site-packages/sklearn/metrics/classification.py:1143: UndefinedMetricWarning: Precision is ill-defined and being set to 0.0 due to no predicted samples.
  'precision', 'predicted', average, warn_for)
/cluster/u/wukevin/conda/envs/heartbreaker/lib/python3.6/site-packages/sklearn/metrics/classification.py:1143: UndefinedMetricWarning: F-score is ill-defined and being set to 0.0 due to no predicted samples.
  'precision', 'predicted', average, warn_for)
/cluster/u/wukevin/conda/envs/heartbreaker/lib/python3.6/site-packages/sklearn/metrics/classification.py:1143: UndefinedMetricWarning: Precision is ill-defined and being set to 0.0 due to no predicted samples.
  'precision', 'predicted', average, warn_for)
/cluster/u/wukevin/conda/envs/heartbreaker/lib/python3.6/site-packages/sklearn/metrics/classification.py:1143: UndefinedMetricWarning: F-score is ill-defined and being set to 0.0 due to no predicted samples.
  'precision', 'predicted', average, warn_for)
/cluster/u/wukevin/conda/envs/heartbreaker/lib/python3.6/site-packages/sklearn/metrics/classification.py:1143: UndefinedMetricWarning: Precision is ill-defined and being set to 0.0 due to no predicted samples.
  'precision', 'predicted', average, warn_for)
/cluster/u/wukevin/conda/envs/heartbreaker/lib/python3.6/site-packages/sklearn/metrics/classification.py:1143: UndefinedMetricWarning: F-score is ill-defined and being set to 0.0 due to no predicted samples.
  'precision', 'predicted', average, warn_for)
/cluster/u/wukevin/conda/envs/heartbreaker/lib/python3.6/site-packages/sklearn/metrics/classification.py:1143: UndefinedMetricWarning: Precision is ill-defined and being set to 0.0 due to no predicted samples.
  'precision', 'predicted', average, warn_for)
/cluster/u/wukevin/conda/envs/heartbreaker/lib/python3.6/site-packages/sklearn/metrics/classification.py:1143: UndefinedMetricWarning: F-score is ill-defined and being set to 0.0 due to no predicted samples.
  'precision', 'predicted', average, warn_for)
/cluster/u/wukevin/conda/envs/heartbreaker/lib/python3.6/site-packages/sklearn/metrics/classification.py:1143: UndefinedMetricWarning: Precision is ill-defined and being set to 0.0 due to no predicted samples.
  'precision', 'predicted', average, warn_for)
/cluster/u/wukevin/conda/envs/heartbreaker/lib/python3.6/site-packages/sklearn/metrics/classification.py:1143: UndefinedMetricWarning: F-score is ill-defined and being set to 0.0 due to no predicted samples.
  'precision', 'predicted', average, warn_for)
/cluster/u/wukevin/conda/envs/heartbreaker/lib/python3.6/site-packages/sklearn/metrics/classification.py:1143: UndefinedMetricWarning: Precision is ill-defined and being set to 0.0 due to no predicted samples.
  'precision', 'predicted', average, warn_for)
/cluster/u/wukevin/conda/envs/heartbreaker/lib/python3.6/site-packages/sklearn/metrics/classification.py:1143: UndefinedMetricWarning: F-score is ill-defined and being set to 0.0 due to no predicted samples.
  'precision', 'predicted', average, warn_for)
/cluster/u/wukevin/conda/envs/heartbreaker/lib/python3.6/site-packages/sklearn/metrics/classification.py:1143: UndefinedMetricWarning: Precision is ill-defined and being set to 0.0 due to no predicted samples.
  'precision', 'predicted', average, warn_for)
/cluster/u/wukevin/conda/envs/heartbreaker/lib/python3.6/site-packages/sklearn/metrics/classification.py:1143: UndefinedMetricWarning: F-score is ill-defined and being set to 0.0 due to no predicted samples.
  'precision', 'predicted', average, warn_for)
/cluster/u/wukevin/conda/envs/heartbreaker/lib/python3.6/site-packages/sklearn/metrics/classification.py:1143: UndefinedMetricWarning: Precision is ill-defined and being set to 0.0 due to no predicted samples.
  'precision', 'predicted', average, warn_for)
/cluster/u/wukevin/conda/envs/heartbreaker/lib/python3.6/site-packages/sklearn/metrics/classification.py:1143: UndefinedMetricWarning: F-score is ill-defined and being set to 0.0 due to no predicted samples.
  'precision', 'predicted', average, warn_for)
/cluster/u/wukevin/conda/envs/heartbreaker/lib/python3.6/site-packages/sklearn/metrics/classification.py:1143: UndefinedMetricWarning: Precision is ill-defined and being set to 0.0 due to no predicted samples.
  'precision', 'predicted', average, warn_for)
/cluster/u/wukevin/conda/envs/heartbreaker/lib/python3.6/site-packages/sklearn/metrics/classification.py:1143: UndefinedMetricWarning: F-score is ill-defined and being set to 0.0 due to no predicted samples.
  'precision', 'predicted', average, warn_for)
/cluster/u/wukevin/conda/envs/heartbreaker/lib/python3.6/site-packages/sklearn/metrics/classification.py:1143: UndefinedMetricWarning: Precision is ill-defined and being set to 0.0 due to no predicted samples.
  'precision', 'predicted', average, warn_for)
/cluster/u/wukevin/conda/envs/heartbreaker/lib/python3.6/site-packages/sklearn/metrics/classification.py:1143: UndefinedMetricWarning: F-score is ill-defined and being set to 0.0 due to no predicted samples.
  'precision', 'predicted', average, warn_for)
/cluster/u/wukevin/conda/envs/heartbreaker/lib/python3.6/site-packages/sklearn/metrics/classification.py:1143: UndefinedMetricWarning: Precision is ill-defined and being set to 0.0 due to no predicted samples.
  'precision', 'predicted', average, warn_for)
/cluster/u/wukevin/conda/envs/heartbreaker/lib/python3.6/site-packages/sklearn/metrics/classification.py:1143: UndefinedMetricWarning: F-score is ill-defined and being set to 0.0 due to no predicted samples.
  'precision', 'predicted', average, warn_for)
/cluster/u/wukevin/conda/envs/heartbreaker/lib/python3.6/site-packages/sklearn/metrics/classification.py:1143: UndefinedMetricWarning: Precision is ill-defined and being set to 0.0 due to no predicted samples.
  'precision', 'predicted', average, warn_for)
/cluster/u/wukevin/conda/envs/heartbreaker/lib/python3.6/site-packages/sklearn/metrics/classification.py:1143: UndefinedMetricWarning: F-score is ill-defined and being set to 0.0 due to no predicted samples.
  'precision', 'predicted', average, warn_for)
/cluster/u/wukevin/conda/envs/heartbreaker/lib/python3.6/site-packages/sklearn/metrics/classification.py:1143: UndefinedMetricWarning: Precision is ill-defined and being set to 0.0 due to no predicted samples.
  'precision', 'predicted', average, warn_for)
/cluster/u/wukevin/conda/envs/heartbreaker/lib/python3.6/site-packages/sklearn/metrics/classification.py:1143: UndefinedMetricWarning: F-score is ill-defined and being set to 0.0 due to no predicted samples.
  'precision', 'predicted', average, warn_for)
/cluster/u/wukevin/conda/envs/heartbreaker/lib/python3.6/site-packages/sklearn/metrics/classification.py:1143: UndefinedMetricWarning: Precision is ill-defined and being set to 0.0 due to no predicted samples.
  'precision', 'predicted', average, warn_for)
INFO:root:SVC
INFO:root:Best F1 Score
INFO:root:0.7062430892749607
INFO:root:Best Parameters
INFO:root:{'estimator__C': 0.01}
/cluster/u/wukevin/conda/envs/heartbreaker/lib/python3.6/site-packages/sklearn/model_selection/_search.py:841: DeprecationWarning: The default of the `iid` parameter will change from True to False in version 0.22 and will be removed in 0.24. This will change numeric results when test-set sizes are unequal.
  DeprecationWarning)
INFO:root:SVC
INFO:root:Best F1 Score
INFO:root:0.6838076108158481
INFO:root:Best Parameters
INFO:root:{'estimator__C': 0.1}
INFO:root:LogisticRegression
INFO:root:Best F1 Score
INFO:root:0.7110413157114537
INFO:root:Best Parameters
INFO:root:{'estimator__C': 0.1, 'estimator__penalty': 'l1'}
/cluster/u/wukevin/conda/envs/heartbreaker/lib/python3.6/site-packages/sklearn/metrics/classification.py:1143: UndefinedMetricWarning: F-score is ill-defined and being set to 0.0 due to no predicted samples.
  'precision', 'predicted', average, warn_for)
/cluster/u/wukevin/conda/envs/heartbreaker/lib/python3.6/site-packages/sklearn/metrics/classification.py:1143: UndefinedMetricWarning: Precision is ill-defined and being set to 0.0 due to no predicted samples.
  'precision', 'predicted', average, warn_for)
/cluster/u/wukevin/conda/envs/heartbreaker/lib/python3.6/site-packages/sklearn/metrics/classification.py:1143: UndefinedMetricWarning: F-score is ill-defined and being set to 0.0 due to no predicted samples.
  'precision', 'predicted', average, warn_for)
/cluster/u/wukevin/conda/envs/heartbreaker/lib/python3.6/site-packages/sklearn/metrics/classification.py:1143: UndefinedMetricWarning: Precision is ill-defined and being set to 0.0 due to no predicted samples.
  'precision', 'predicted', average, warn_for)
/cluster/u/wukevin/conda/envs/heartbreaker/lib/python3.6/site-packages/sklearn/metrics/classification.py:1143: UndefinedMetricWarning: F-score is ill-defined and being set to 0.0 due to no predicted samples.
  'precision', 'predicted', average, warn_for)
/cluster/u/wukevin/conda/envs/heartbreaker/lib/python3.6/site-packages/sklearn/metrics/classification.py:1143: UndefinedMetricWarning: Precision is ill-defined and being set to 0.0 due to no predicted samples.
  'precision', 'predicted', average, warn_for)
/cluster/u/wukevin/conda/envs/heartbreaker/lib/python3.6/site-packages/sklearn/metrics/classification.py:1143: UndefinedMetricWarning: F-score is ill-defined and being set to 0.0 due to no predicted samples.
  'precision', 'predicted', average, warn_for)
/cluster/u/wukevin/conda/envs/heartbreaker/lib/python3.6/site-packages/sklearn/metrics/classification.py:1143: UndefinedMetricWarning: Precision is ill-defined and being set to 0.0 due to no predicted samples.
  'precision', 'predicted', average, warn_for)
/cluster/u/wukevin/conda/envs/heartbreaker/lib/python3.6/site-packages/sklearn/metrics/classification.py:1143: UndefinedMetricWarning: F-score is ill-defined and being set to 0.0 due to no predicted samples.
  'precision', 'predicted', average, warn_for)
/cluster/u/wukevin/conda/envs/heartbreaker/lib/python3.6/site-packages/sklearn/metrics/classification.py:1143: UndefinedMetricWarning: Precision is ill-defined and being set to 0.0 due to no predicted samples.
  'precision', 'predicted', average, warn_for)
/cluster/u/wukevin/conda/envs/heartbreaker/lib/python3.6/site-packages/sklearn/metrics/classification.py:1143: UndefinedMetricWarning: F-score is ill-defined and being set to 0.0 due to no predicted samples.
  'precision', 'predicted', average, warn_for)
/cluster/u/wukevin/conda/envs/heartbreaker/lib/python3.6/site-packages/sklearn/metrics/classification.py:1143: UndefinedMetricWarning: Precision is ill-defined and being set to 0.0 due to no predicted samples.
  'precision', 'predicted', average, warn_for)
/cluster/u/wukevin/conda/envs/heartbreaker/lib/python3.6/site-packages/sklearn/metrics/classification.py:1143: UndefinedMetricWarning: F-score is ill-defined and being set to 0.0 due to no predicted samples.
  'precision', 'predicted', average, warn_for)
/cluster/u/wukevin/conda/envs/heartbreaker/lib/python3.6/site-packages/sklearn/metrics/classification.py:1143: UndefinedMetricWarning: Precision is ill-defined and being set to 0.0 due to no predicted samples.
  'precision', 'predicted', average, warn_for)
/cluster/u/wukevin/conda/envs/heartbreaker/lib/python3.6/site-packages/sklearn/metrics/classification.py:1143: UndefinedMetricWarning: F-score is ill-defined and being set to 0.0 due to no predicted samples.
  'precision', 'predicted', average, warn_for)
/cluster/u/wukevin/conda/envs/heartbreaker/lib/python3.6/site-packages/sklearn/metrics/classification.py:1143: UndefinedMetricWarning: Precision is ill-defined and being set to 0.0 due to no predicted samples.
  'precision', 'predicted', average, warn_for)
/cluster/u/wukevin/conda/envs/heartbreaker/lib/python3.6/site-packages/sklearn/metrics/classification.py:1143: UndefinedMetricWarning: F-score is ill-defined and being set to 0.0 due to no predicted samples.
  'precision', 'predicted', average, warn_for)
/cluster/u/wukevin/conda/envs/heartbreaker/lib/python3.6/site-packages/sklearn/metrics/classification.py:1143: UndefinedMetricWarning: Precision is ill-defined and being set to 0.0 due to no predicted samples.
  'precision', 'predicted', average, warn_for)
/cluster/u/wukevin/conda/envs/heartbreaker/lib/python3.6/site-packages/sklearn/metrics/classification.py:1143: UndefinedMetricWarning: F-score is ill-defined and being set to 0.0 due to no predicted samples.
  'precision', 'predicted', average, warn_for)
/cluster/u/wukevin/conda/envs/heartbreaker/lib/python3.6/site-packages/sklearn/metrics/classification.py:1143: UndefinedMetricWarning: Precision is ill-defined and being set to 0.0 due to no predicted samples.
  'precision', 'predicted', average, warn_for)
/cluster/u/wukevin/conda/envs/heartbreaker/lib/python3.6/site-packages/sklearn/metrics/classification.py:1143: UndefinedMetricWarning: F-score is ill-defined and being set to 0.0 due to no predicted samples.
  'precision', 'predicted', average, warn_for)
/cluster/u/wukevin/conda/envs/heartbreaker/lib/python3.6/site-packages/sklearn/metrics/classification.py:1143: UndefinedMetricWarning: Precision is ill-defined and being set to 0.0 due to no predicted samples.
  'precision', 'predicted', average, warn_for)
/cluster/u/wukevin/conda/envs/heartbreaker/lib/python3.6/site-packages/sklearn/metrics/classification.py:1143: UndefinedMetricWarning: F-score is ill-defined and being set to 0.0 due to no predicted samples.
  'precision', 'predicted', average, warn_for)
/cluster/u/wukevin/conda/envs/heartbreaker/lib/python3.6/site-packages/sklearn/metrics/classification.py:1143: UndefinedMetricWarning: Precision is ill-defined and being set to 0.0 due to no predicted samples.
  'precision', 'predicted', average, warn_for)
/cluster/u/wukevin/conda/envs/heartbreaker/lib/python3.6/site-packages/sklearn/metrics/classification.py:1143: UndefinedMetricWarning: F-score is ill-defined and being set to 0.0 due to no predicted samples.
  'precision', 'predicted', average, warn_for)
/cluster/u/wukevin/conda/envs/heartbreaker/lib/python3.6/site-packages/sklearn/metrics/classification.py:1143: UndefinedMetricWarning: Precision is ill-defined and being set to 0.0 due to no predicted samples.
  'precision', 'predicted', average, warn_for)
/cluster/u/wukevin/conda/envs/heartbreaker/lib/python3.6/site-packages/sklearn/metrics/classification.py:1143: UndefinedMetricWarning: F-score is ill-defined and being set to 0.0 due to no predicted samples.
  'precision', 'predicted', average, warn_for)
/cluster/u/wukevin/conda/envs/heartbreaker/lib/python3.6/site-packages/sklearn/metrics/classification.py:1143: UndefinedMetricWarning: Precision is ill-defined and being set to 0.0 due to no predicted samples.
  'precision', 'predicted', average, warn_for)
/cluster/u/wukevin/conda/envs/heartbreaker/lib/python3.6/site-packages/sklearn/metrics/classification.py:1143: UndefinedMetricWarning: F-score is ill-defined and being set to 0.0 due to no predicted samples.
  'precision', 'predicted', average, warn_for)
/cluster/u/wukevin/conda/envs/heartbreaker/lib/python3.6/site-packages/sklearn/metrics/classification.py:1143: UndefinedMetricWarning: Precision is ill-defined and being set to 0.0 due to no predicted samples.
  'precision', 'predicted', average, warn_for)
/cluster/u/wukevin/conda/envs/heartbreaker/lib/python3.6/site-packages/sklearn/metrics/classification.py:1143: UndefinedMetricWarning: F-score is ill-defined and being set to 0.0 due to no predicted samples.
  'precision', 'predicted', average, warn_for)
/cluster/u/wukevin/conda/envs/heartbreaker/lib/python3.6/site-packages/sklearn/metrics/classification.py:1143: UndefinedMetricWarning: Precision is ill-defined and being set to 0.0 due to no predicted samples.
  'precision', 'predicted', average, warn_for)
/cluster/u/wukevin/conda/envs/heartbreaker/lib/python3.6/site-packages/sklearn/metrics/classification.py:1143: UndefinedMetricWarning: F-score is ill-defined and being set to 0.0 due to no predicted samples.
  'precision', 'predicted', average, warn_for)
/cluster/u/wukevin/conda/envs/heartbreaker/lib/python3.6/site-packages/sklearn/metrics/classification.py:1143: UndefinedMetricWarning: Precision is ill-defined and being set to 0.0 due to no predicted samples.
  'precision', 'predicted', average, warn_for)
/cluster/u/wukevin/conda/envs/heartbreaker/lib/python3.6/site-packages/sklearn/metrics/classification.py:1143: UndefinedMetricWarning: F-score is ill-defined and being set to 0.0 due to no predicted samples.
  'precision', 'predicted', average, warn_for)
/cluster/u/wukevin/conda/envs/heartbreaker/lib/python3.6/site-packages/sklearn/metrics/classification.py:1143: UndefinedMetricWarning: Precision is ill-defined and being set to 0.0 due to no predicted samples.
  'precision', 'predicted', average, warn_for)
/cluster/u/wukevin/conda/envs/heartbreaker/lib/python3.6/site-packages/sklearn/metrics/classification.py:1143: UndefinedMetricWarning: F-score is ill-defined and being set to 0.0 due to no predicted samples.
  'precision', 'predicted', average, warn_for)
/cluster/u/wukevin/conda/envs/heartbreaker/lib/python3.6/site-packages/sklearn/metrics/classification.py:1143: UndefinedMetricWarning: Precision is ill-defined and being set to 0.0 due to no predicted samples.
  'precision', 'predicted', average, warn_for)
/cluster/u/wukevin/conda/envs/heartbreaker/lib/python3.6/site-packages/sklearn/metrics/classification.py:1143: UndefinedMetricWarning: F-score is ill-defined and being set to 0.0 due to no predicted samples.
  'precision', 'predicted', average, warn_for)
/cluster/u/wukevin/conda/envs/heartbreaker/lib/python3.6/site-packages/sklearn/metrics/classification.py:1143: UndefinedMetricWarning: Precision is ill-defined and being set to 0.0 due to no predicted samples.
  'precision', 'predicted', average, warn_for)
/cluster/u/wukevin/conda/envs/heartbreaker/lib/python3.6/site-packages/sklearn/metrics/classification.py:1143: UndefinedMetricWarning: F-score is ill-defined and being set to 0.0 due to no predicted samples.
  'precision', 'predicted', average, warn_for)
/cluster/u/wukevin/conda/envs/heartbreaker/lib/python3.6/site-packages/sklearn/metrics/classification.py:1143: UndefinedMetricWarning: Precision is ill-defined and being set to 0.0 due to no predicted samples.
  'precision', 'predicted', average, warn_for)
/cluster/u/wukevin/conda/envs/heartbreaker/lib/python3.6/site-packages/sklearn/metrics/classification.py:1143: UndefinedMetricWarning: F-score is ill-defined and being set to 0.0 due to no predicted samples.
  'precision', 'predicted', average, warn_for)
/cluster/u/wukevin/conda/envs/heartbreaker/lib/python3.6/site-packages/sklearn/metrics/classification.py:1143: UndefinedMetricWarning: Precision is ill-defined and being set to 0.0 due to no predicted samples.
  'precision', 'predicted', average, warn_for)
/cluster/u/wukevin/conda/envs/heartbreaker/lib/python3.6/site-packages/sklearn/metrics/classification.py:1143: UndefinedMetricWarning: F-score is ill-defined and being set to 0.0 due to no predicted samples.
  'precision', 'predicted', average, warn_for)
/cluster/u/wukevin/conda/envs/heartbreaker/lib/python3.6/site-packages/sklearn/metrics/classification.py:1143: UndefinedMetricWarning: Precision is ill-defined and being set to 0.0 due to no predicted samples.
  'precision', 'predicted', average, warn_for)
/cluster/u/wukevin/conda/envs/heartbreaker/lib/python3.6/site-packages/sklearn/metrics/classification.py:1143: UndefinedMetricWarning: F-score is ill-defined and being set to 0.0 due to no predicted samples.
  'precision', 'predicted', average, warn_for)
/cluster/u/wukevin/conda/envs/heartbreaker/lib/python3.6/site-packages/sklearn/metrics/classification.py:1143: UndefinedMetricWarning: Precision is ill-defined and being set to 0.0 due to no predicted samples.
  'precision', 'predicted', average, warn_for)
/cluster/u/wukevin/conda/envs/heartbreaker/lib/python3.6/site-packages/sklearn/metrics/classification.py:1143: UndefinedMetricWarning: F-score is ill-defined and being set to 0.0 due to no predicted samples.
  'precision', 'predicted', average, warn_for)
/cluster/u/wukevin/conda/envs/heartbreaker/lib/python3.6/site-packages/sklearn/metrics/classification.py:1143: UndefinedMetricWarning: Precision is ill-defined and being set to 0.0 due to no predicted samples.
  'precision', 'predicted', average, warn_for)
/cluster/u/wukevin/conda/envs/heartbreaker/lib/python3.6/site-packages/sklearn/metrics/classification.py:1143: UndefinedMetricWarning: F-score is ill-defined and being set to 0.0 due to no predicted samples.
  'precision', 'predicted', average, warn_for)
/cluster/u/wukevin/conda/envs/heartbreaker/lib/python3.6/site-packages/sklearn/metrics/classification.py:1143: UndefinedMetricWarning: Precision is ill-defined and being set to 0.0 due to no predicted samples.
  'precision', 'predicted', average, warn_for)
/cluster/u/wukevin/conda/envs/heartbreaker/lib/python3.6/site-packages/sklearn/metrics/classification.py:1143: UndefinedMetricWarning: F-score is ill-defined and being set to 0.0 due to no predicted samples.
  'precision', 'predicted', average, warn_for)
/cluster/u/wukevin/conda/envs/heartbreaker/lib/python3.6/site-packages/sklearn/metrics/classification.py:1143: UndefinedMetricWarning: Precision is ill-defined and being set to 0.0 due to no predicted samples.
  'precision', 'predicted', average, warn_for)
/cluster/u/wukevin/conda/envs/heartbreaker/lib/python3.6/site-packages/sklearn/metrics/classification.py:1143: UndefinedMetricWarning: F-score is ill-defined and being set to 0.0 due to no predicted samples.
  'precision', 'predicted', average, warn_for)
/cluster/u/wukevin/conda/envs/heartbreaker/lib/python3.6/site-packages/sklearn/metrics/classification.py:1143: UndefinedMetricWarning: Precision is ill-defined and being set to 0.0 due to no predicted samples.
  'precision', 'predicted', average, warn_for)
/cluster/u/wukevin/conda/envs/heartbreaker/lib/python3.6/site-packages/sklearn/metrics/classification.py:1143: UndefinedMetricWarning: F-score is ill-defined and being set to 0.0 due to no predicted samples.
  'precision', 'predicted', average, warn_for)
/cluster/u/wukevin/conda/envs/heartbreaker/lib/python3.6/site-packages/sklearn/metrics/classification.py:1143: UndefinedMetricWarning: Precision is ill-defined and being set to 0.0 due to no predicted samples.
  'precision', 'predicted', average, warn_for)
/cluster/u/wukevin/conda/envs/heartbreaker/lib/python3.6/site-packages/sklearn/metrics/classification.py:1143: UndefinedMetricWarning: F-score is ill-defined and being set to 0.0 due to no predicted samples.
  'precision', 'predicted', average, warn_for)
/cluster/u/wukevin/conda/envs/heartbreaker/lib/python3.6/site-packages/sklearn/metrics/classification.py:1143: UndefinedMetricWarning: Precision is ill-defined and being set to 0.0 due to no predicted samples.
  'precision', 'predicted', average, warn_for)
/cluster/u/wukevin/conda/envs/heartbreaker/lib/python3.6/site-packages/sklearn/metrics/classification.py:1143: UndefinedMetricWarning: F-score is ill-defined and being set to 0.0 due to no predicted samples.
  'precision', 'predicted', average, warn_for)
/cluster/u/wukevin/conda/envs/heartbreaker/lib/python3.6/site-packages/sklearn/metrics/classification.py:1143: UndefinedMetricWarning: Precision is ill-defined and being set to 0.0 due to no predicted samples.
  'precision', 'predicted', average, warn_for)
/cluster/u/wukevin/conda/envs/heartbreaker/lib/python3.6/site-packages/sklearn/metrics/classification.py:1143: UndefinedMetricWarning: F-score is ill-defined and being set to 0.0 due to no predicted samples.
  'precision', 'predicted', average, warn_for)
/cluster/u/wukevin/conda/envs/heartbreaker/lib/python3.6/site-packages/sklearn/metrics/classification.py:1143: UndefinedMetricWarning: Precision is ill-defined and being set to 0.0 due to no predicted samples.
  'precision', 'predicted', average, warn_for)
/cluster/u/wukevin/conda/envs/heartbreaker/lib/python3.6/site-packages/sklearn/metrics/classification.py:1143: UndefinedMetricWarning: F-score is ill-defined and being set to 0.0 due to no predicted samples.
  'precision', 'predicted', average, warn_for)
/cluster/u/wukevin/conda/envs/heartbreaker/lib/python3.6/site-packages/sklearn/metrics/classification.py:1143: UndefinedMetricWarning: Precision is ill-defined and being set to 0.0 due to no predicted samples.
  'precision', 'predicted', average, warn_for)
/cluster/u/wukevin/conda/envs/heartbreaker/lib/python3.6/site-packages/sklearn/metrics/classification.py:1143: UndefinedMetricWarning: F-score is ill-defined and being set to 0.0 due to no predicted samples.
  'precision', 'predicted', average, warn_for)
/cluster/u/wukevin/conda/envs/heartbreaker/lib/python3.6/site-packages/sklearn/metrics/classification.py:1143: UndefinedMetricWarning: Precision is ill-defined and being set to 0.0 due to no predicted samples.
  'precision', 'predicted', average, warn_for)
